ERROR - 2025-02-27 07:45:07 --> mysqli_sql_exception: Table 'tienda_coches.events' doesn't exist in C:\wamp64\www\ProyectoFinal\system\Database\MySQLi\Connection.php:312
Stack trace:
#0 C:\wamp64\www\ProyectoFinal\system\Database\MySQLi\Connection.php(312): mysqli->query('SELECT *\nFROM `...', 0)
#1 C:\wamp64\www\ProyectoFinal\system\Database\BaseConnection.php(734): CodeIgniter\Database\MySQLi\Connection->execute('SELECT *\nFROM `...')
#2 C:\wamp64\www\ProyectoFinal\system\Database\BaseConnection.php(648): CodeIgniter\Database\BaseConnection->simpleQuery('SELECT *\nFROM `...')
#3 C:\wamp64\www\ProyectoFinal\system\Database\BaseBuilder.php(1644): CodeIgniter\Database\BaseConnection->query('SELECT *\nFROM `...', Array, false)
#4 C:\wamp64\www\ProyectoFinal\system\Model.php(286): CodeIgniter\Database\BaseBuilder->get()
#5 C:\wamp64\www\ProyectoFinal\system\BaseModel.php(675): CodeIgniter\Model->doFindAll(0, 0)
#6 C:\wamp64\www\ProyectoFinal\app\Models\EventModel.php(17): CodeIgniter\BaseModel->findAll()
#7 C:\wamp64\www\ProyectoFinal\app\Controllers\EventController.php(18): App\Models\EventModel->getEvents()
#8 C:\wamp64\www\ProyectoFinal\system\CodeIgniter.php(933): App\Controllers\EventController->fetchEvents()
#9 C:\wamp64\www\ProyectoFinal\system\CodeIgniter.php(509): CodeIgniter\CodeIgniter->runController(Object(App\Controllers\EventController))
#10 C:\wamp64\www\ProyectoFinal\system\CodeIgniter.php(355): CodeIgniter\CodeIgniter->handleRequest(NULL, Object(Config\Cache), false)
#11 C:\wamp64\www\ProyectoFinal\system\Boot.php(334): CodeIgniter\CodeIgniter->run()
#12 C:\wamp64\www\ProyectoFinal\system\Boot.php(67): CodeIgniter\Boot::runCodeIgniter(Object(CodeIgniter\CodeIgniter))
#13 C:\wamp64\www\ProyectoFinal\public\index.php(56): CodeIgniter\Boot::bootWeb(Object(Config\Paths))
#14 {main}
CRITICAL - 2025-02-27 07:45:08 --> CodeIgniter\Database\Exceptions\DatabaseException: Table 'tienda_coches.events' doesn't exist
[Method: GET, Route: fetch-events]
in SYSTEMPATH\Database\BaseConnection.php on line 688.
 1 SYSTEMPATH\Database\BaseBuilder.php(1644): CodeIgniter\Database\BaseConnection->query('SELECT *
FROM `events`', [], false)
 2 SYSTEMPATH\Model.php(286): CodeIgniter\Database\BaseBuilder->get()
 3 SYSTEMPATH\BaseModel.php(675): CodeIgniter\Model->doFindAll(0, 0)
 4 APPPATH\Models\EventModel.php(17): CodeIgniter\BaseModel->findAll()
 5 APPPATH\Controllers\EventController.php(18): App\Models\EventModel->getEvents()
 6 SYSTEMPATH\CodeIgniter.php(933): App\Controllers\EventController->fetchEvents()
 7 SYSTEMPATH\CodeIgniter.php(509): CodeIgniter\CodeIgniter->runController(Object(App\Controllers\EventController))
 8 SYSTEMPATH\CodeIgniter.php(355): CodeIgniter\CodeIgniter->handleRequest(null, Object(Config\Cache), false)
 9 SYSTEMPATH\Boot.php(334): CodeIgniter\CodeIgniter->run()
10 SYSTEMPATH\Boot.php(67): CodeIgniter\Boot::runCodeIgniter(Object(CodeIgniter\CodeIgniter))
11 FCPATH\index.php(56): CodeIgniter\Boot::bootWeb(Object(Config\Paths))
CRITICAL - 2025-02-27 07:45:08 --> [Caused by] CodeIgniter\Database\Exceptions\DatabaseException: Table 'tienda_coches.events' doesn't exist
in SYSTEMPATH\Database\MySQLi\Connection.php on line 317.
 1 SYSTEMPATH\Database\BaseConnection.php(734): CodeIgniter\Database\MySQLi\Connection->execute('SELECT *
FROM `events`')
 2 SYSTEMPATH\Database\BaseConnection.php(648): CodeIgniter\Database\BaseConnection->simpleQuery('SELECT *
FROM `events`')
 3 SYSTEMPATH\Database\BaseBuilder.php(1644): CodeIgniter\Database\BaseConnection->query('SELECT *
FROM `events`', [], false)
 4 SYSTEMPATH\Model.php(286): CodeIgniter\Database\BaseBuilder->get()
 5 SYSTEMPATH\BaseModel.php(675): CodeIgniter\Model->doFindAll(0, 0)
 6 APPPATH\Models\EventModel.php(17): CodeIgniter\BaseModel->findAll()
 7 APPPATH\Controllers\EventController.php(18): App\Models\EventModel->getEvents()
 8 SYSTEMPATH\CodeIgniter.php(933): App\Controllers\EventController->fetchEvents()
 9 SYSTEMPATH\CodeIgniter.php(509): CodeIgniter\CodeIgniter->runController(Object(App\Controllers\EventController))
10 SYSTEMPATH\CodeIgniter.php(355): CodeIgniter\CodeIgniter->handleRequest(null, Object(Config\Cache), false)
11 SYSTEMPATH\Boot.php(334): CodeIgniter\CodeIgniter->run()
12 SYSTEMPATH\Boot.php(67): CodeIgniter\Boot::runCodeIgniter(Object(CodeIgniter\CodeIgniter))
13 FCPATH\index.php(56): CodeIgniter\Boot::bootWeb(Object(Config\Paths))
CRITICAL - 2025-02-27 07:45:08 --> [Caused by] mysqli_sql_exception: Table 'tienda_coches.events' doesn't exist
in SYSTEMPATH\Database\MySQLi\Connection.php on line 312.
 1 SYSTEMPATH\Database\MySQLi\Connection.php(312): mysqli->query('SELECT *
FROM `events`', 0)
 2 SYSTEMPATH\Database\BaseConnection.php(734): CodeIgniter\Database\MySQLi\Connection->execute('SELECT *
FROM `events`')
 3 SYSTEMPATH\Database\BaseConnection.php(648): CodeIgniter\Database\BaseConnection->simpleQuery('SELECT *
FROM `events`')
 4 SYSTEMPATH\Database\BaseBuilder.php(1644): CodeIgniter\Database\BaseConnection->query('SELECT *
FROM `events`', [], false)
 5 SYSTEMPATH\Model.php(286): CodeIgniter\Database\BaseBuilder->get()
 6 SYSTEMPATH\BaseModel.php(675): CodeIgniter\Model->doFindAll(0, 0)
 7 APPPATH\Models\EventModel.php(17): CodeIgniter\BaseModel->findAll()
 8 APPPATH\Controllers\EventController.php(18): App\Models\EventModel->getEvents()
 9 SYSTEMPATH\CodeIgniter.php(933): App\Controllers\EventController->fetchEvents()
10 SYSTEMPATH\CodeIgniter.php(509): CodeIgniter\CodeIgniter->runController(Object(App\Controllers\EventController))
11 SYSTEMPATH\CodeIgniter.php(355): CodeIgniter\CodeIgniter->handleRequest(null, Object(Config\Cache), false)
12 SYSTEMPATH\Boot.php(334): CodeIgniter\CodeIgniter->run()
13 SYSTEMPATH\Boot.php(67): CodeIgniter\Boot::runCodeIgniter(Object(CodeIgniter\CodeIgniter))
14 FCPATH\index.php(56): CodeIgniter\Boot::bootWeb(Object(Config\Paths))
ERROR - 2025-02-27 07:45:15 --> mysqli_sql_exception: Table 'tienda_coches.events' doesn't exist in C:\wamp64\www\ProyectoFinal\system\Database\MySQLi\Connection.php:312
Stack trace:
#0 C:\wamp64\www\ProyectoFinal\system\Database\MySQLi\Connection.php(312): mysqli->query('SELECT *\nFROM `...', 0)
#1 C:\wamp64\www\ProyectoFinal\system\Database\BaseConnection.php(734): CodeIgniter\Database\MySQLi\Connection->execute('SELECT *\nFROM `...')
#2 C:\wamp64\www\ProyectoFinal\system\Database\BaseConnection.php(648): CodeIgniter\Database\BaseConnection->simpleQuery('SELECT *\nFROM `...')
#3 C:\wamp64\www\ProyectoFinal\system\Database\BaseBuilder.php(1644): CodeIgniter\Database\BaseConnection->query('SELECT *\nFROM `...', Array, false)
#4 C:\wamp64\www\ProyectoFinal\system\Model.php(286): CodeIgniter\Database\BaseBuilder->get()
#5 C:\wamp64\www\ProyectoFinal\system\BaseModel.php(675): CodeIgniter\Model->doFindAll(0, 0)
#6 C:\wamp64\www\ProyectoFinal\app\Models\EventModel.php(17): CodeIgniter\BaseModel->findAll()
#7 C:\wamp64\www\ProyectoFinal\app\Controllers\EventController.php(18): App\Models\EventModel->getEvents()
#8 C:\wamp64\www\ProyectoFinal\system\CodeIgniter.php(933): App\Controllers\EventController->fetchEvents()
#9 C:\wamp64\www\ProyectoFinal\system\CodeIgniter.php(509): CodeIgniter\CodeIgniter->runController(Object(App\Controllers\EventController))
#10 C:\wamp64\www\ProyectoFinal\system\CodeIgniter.php(355): CodeIgniter\CodeIgniter->handleRequest(NULL, Object(Config\Cache), false)
#11 C:\wamp64\www\ProyectoFinal\system\Boot.php(334): CodeIgniter\CodeIgniter->run()
#12 C:\wamp64\www\ProyectoFinal\system\Boot.php(67): CodeIgniter\Boot::runCodeIgniter(Object(CodeIgniter\CodeIgniter))
#13 C:\wamp64\www\ProyectoFinal\public\index.php(56): CodeIgniter\Boot::bootWeb(Object(Config\Paths))
#14 {main}
CRITICAL - 2025-02-27 07:45:15 --> CodeIgniter\Database\Exceptions\DatabaseException: Table 'tienda_coches.events' doesn't exist
[Method: GET, Route: fetch-events]
in SYSTEMPATH\Database\BaseConnection.php on line 688.
 1 SYSTEMPATH\Database\BaseBuilder.php(1644): CodeIgniter\Database\BaseConnection->query('SELECT *
FROM `events`', [], false)
 2 SYSTEMPATH\Model.php(286): CodeIgniter\Database\BaseBuilder->get()
 3 SYSTEMPATH\BaseModel.php(675): CodeIgniter\Model->doFindAll(0, 0)
 4 APPPATH\Models\EventModel.php(17): CodeIgniter\BaseModel->findAll()
 5 APPPATH\Controllers\EventController.php(18): App\Models\EventModel->getEvents()
 6 SYSTEMPATH\CodeIgniter.php(933): App\Controllers\EventController->fetchEvents()
 7 SYSTEMPATH\CodeIgniter.php(509): CodeIgniter\CodeIgniter->runController(Object(App\Controllers\EventController))
 8 SYSTEMPATH\CodeIgniter.php(355): CodeIgniter\CodeIgniter->handleRequest(null, Object(Config\Cache), false)
 9 SYSTEMPATH\Boot.php(334): CodeIgniter\CodeIgniter->run()
10 SYSTEMPATH\Boot.php(67): CodeIgniter\Boot::runCodeIgniter(Object(CodeIgniter\CodeIgniter))
11 FCPATH\index.php(56): CodeIgniter\Boot::bootWeb(Object(Config\Paths))
CRITICAL - 2025-02-27 07:45:15 --> [Caused by] CodeIgniter\Database\Exceptions\DatabaseException: Table 'tienda_coches.events' doesn't exist
in SYSTEMPATH\Database\MySQLi\Connection.php on line 317.
 1 SYSTEMPATH\Database\BaseConnection.php(734): CodeIgniter\Database\MySQLi\Connection->execute('SELECT *
FROM `events`')
 2 SYSTEMPATH\Database\BaseConnection.php(648): CodeIgniter\Database\BaseConnection->simpleQuery('SELECT *
FROM `events`')
 3 SYSTEMPATH\Database\BaseBuilder.php(1644): CodeIgniter\Database\BaseConnection->query('SELECT *
FROM `events`', [], false)
 4 SYSTEMPATH\Model.php(286): CodeIgniter\Database\BaseBuilder->get()
 5 SYSTEMPATH\BaseModel.php(675): CodeIgniter\Model->doFindAll(0, 0)
 6 APPPATH\Models\EventModel.php(17): CodeIgniter\BaseModel->findAll()
 7 APPPATH\Controllers\EventController.php(18): App\Models\EventModel->getEvents()
 8 SYSTEMPATH\CodeIgniter.php(933): App\Controllers\EventController->fetchEvents()
 9 SYSTEMPATH\CodeIgniter.php(509): CodeIgniter\CodeIgniter->runController(Object(App\Controllers\EventController))
10 SYSTEMPATH\CodeIgniter.php(355): CodeIgniter\CodeIgniter->handleRequest(null, Object(Config\Cache), false)
11 SYSTEMPATH\Boot.php(334): CodeIgniter\CodeIgniter->run()
12 SYSTEMPATH\Boot.php(67): CodeIgniter\Boot::runCodeIgniter(Object(CodeIgniter\CodeIgniter))
13 FCPATH\index.php(56): CodeIgniter\Boot::bootWeb(Object(Config\Paths))
CRITICAL - 2025-02-27 07:45:15 --> [Caused by] mysqli_sql_exception: Table 'tienda_coches.events' doesn't exist
in SYSTEMPATH\Database\MySQLi\Connection.php on line 312.
 1 SYSTEMPATH\Database\MySQLi\Connection.php(312): mysqli->query('SELECT *
FROM `events`', 0)
 2 SYSTEMPATH\Database\BaseConnection.php(734): CodeIgniter\Database\MySQLi\Connection->execute('SELECT *
FROM `events`')
 3 SYSTEMPATH\Database\BaseConnection.php(648): CodeIgniter\Database\BaseConnection->simpleQuery('SELECT *
FROM `events`')
 4 SYSTEMPATH\Database\BaseBuilder.php(1644): CodeIgniter\Database\BaseConnection->query('SELECT *
FROM `events`', [], false)
 5 SYSTEMPATH\Model.php(286): CodeIgniter\Database\BaseBuilder->get()
 6 SYSTEMPATH\BaseModel.php(675): CodeIgniter\Model->doFindAll(0, 0)
 7 APPPATH\Models\EventModel.php(17): CodeIgniter\BaseModel->findAll()
 8 APPPATH\Controllers\EventController.php(18): App\Models\EventModel->getEvents()
 9 SYSTEMPATH\CodeIgniter.php(933): App\Controllers\EventController->fetchEvents()
10 SYSTEMPATH\CodeIgniter.php(509): CodeIgniter\CodeIgniter->runController(Object(App\Controllers\EventController))
11 SYSTEMPATH\CodeIgniter.php(355): CodeIgniter\CodeIgniter->handleRequest(null, Object(Config\Cache), false)
12 SYSTEMPATH\Boot.php(334): CodeIgniter\CodeIgniter->run()
13 SYSTEMPATH\Boot.php(67): CodeIgniter\Boot::runCodeIgniter(Object(CodeIgniter\CodeIgniter))
14 FCPATH\index.php(56): CodeIgniter\Boot::bootWeb(Object(Config\Paths))
CRITICAL - 2025-02-27 09:22:06 --> ErrorException: Undefined variable $usuario
[Method: GET, Route: coches]
in APPPATH\Views\car\car_list.php on line 348.
 1 APPPATH\Views\car\car_list.php(348): CodeIgniter\Debug\Exceptions->errorHandler(2, 'Undefined variable $usuario', 'C:\\wamp64\\www\\ProyectoFinal\\app\\Views\\car\\car_list.php', 348)
 2 SYSTEMPATH\View\View.php(234): include('C:\\wamp64\\www\\ProyectoFinal\\app\\Views\\car\\car_list.php')
 3 SYSTEMPATH\View\View.php(237): CodeIgniter\View\View->CodeIgniter\View\{closure}()
 4 SYSTEMPATH\Common.php(1171): CodeIgniter\View\View->render('car/car_list', [], true)
 5 APPPATH\Controllers\CarController.php(77): view('car/car_list', [...])
 6 SYSTEMPATH\CodeIgniter.php(933): App\Controllers\CarController->index()
 7 SYSTEMPATH\CodeIgniter.php(509): CodeIgniter\CodeIgniter->runController(Object(App\Controllers\CarController))
 8 SYSTEMPATH\CodeIgniter.php(355): CodeIgniter\CodeIgniter->handleRequest(null, Object(Config\Cache), false)
 9 SYSTEMPATH\Boot.php(334): CodeIgniter\CodeIgniter->run()
10 SYSTEMPATH\Boot.php(67): CodeIgniter\Boot::runCodeIgniter(Object(CodeIgniter\CodeIgniter))
11 FCPATH\index.php(56): CodeIgniter\Boot::bootWeb(Object(Config\Paths))
CRITICAL - 2025-02-27 09:23:54 --> ErrorException: Undefined array key "marca_nombre"
[Method: GET, Route: coches/export]
in APPPATH\Controllers\CarController.php on line 199.
 1 APPPATH\Controllers\CarController.php(199): CodeIgniter\Debug\Exceptions->errorHandler(2, 'Undefined array key "marca_nombre"', 'C:\\wamp64\\www\\ProyectoFinal\\app\\Controllers\\CarController.php', 199)
 2 SYSTEMPATH\CodeIgniter.php(933): App\Controllers\CarController->exportar()
 3 SYSTEMPATH\CodeIgniter.php(509): CodeIgniter\CodeIgniter->runController(Object(App\Controllers\CarController))
 4 SYSTEMPATH\CodeIgniter.php(355): CodeIgniter\CodeIgniter->handleRequest(null, Object(Config\Cache), false)
 5 SYSTEMPATH\Boot.php(334): CodeIgniter\CodeIgniter->run()
 6 SYSTEMPATH\Boot.php(67): CodeIgniter\Boot::runCodeIgniter(Object(CodeIgniter\CodeIgniter))
 7 FCPATH\index.php(56): CodeIgniter\Boot::bootWeb(Object(Config\Paths))
CRITICAL - 2025-02-27 09:24:34 --> ErrorException: Undefined array key "marca"
[Method: GET, Route: coches/export]
in APPPATH\Controllers\CarController.php on line 199.
 1 APPPATH\Controllers\CarController.php(199): CodeIgniter\Debug\Exceptions->errorHandler(2, 'Undefined array key "marca"', 'C:\\wamp64\\www\\ProyectoFinal\\app\\Controllers\\CarController.php', 199)
 2 SYSTEMPATH\CodeIgniter.php(933): App\Controllers\CarController->exportar()
 3 SYSTEMPATH\CodeIgniter.php(509): CodeIgniter\CodeIgniter->runController(Object(App\Controllers\CarController))
 4 SYSTEMPATH\CodeIgniter.php(355): CodeIgniter\CodeIgniter->handleRequest(null, Object(Config\Cache), false)
 5 SYSTEMPATH\Boot.php(334): CodeIgniter\CodeIgniter->run()
 6 SYSTEMPATH\Boot.php(67): CodeIgniter\Boot::runCodeIgniter(Object(CodeIgniter\CodeIgniter))
 7 FCPATH\index.php(56): CodeIgniter\Boot::bootWeb(Object(Config\Paths))
