CRITICAL - 2025-02-18 07:51:00 --> ErrorException: Undefined variable $usuario
[Method: GET, Route: usuarios]
in APPPATH\Views\user\user_list.php on line 468.
 1 APPPATH\Views\user\user_list.php(468): CodeIgniter\Debug\Exceptions->errorHandler(2, 'Undefined variable $usuario', 'C:\\wamp64\\www\\ProyectoFinal\\app\\Views\\user\\user_list.php', 468)
 2 SYSTEMPATH\View\View.php(234): include('C:\\wamp64\\www\\ProyectoFinal\\app\\Views\\user\\user_list.php')
 3 SYSTEMPATH\View\View.php(237): CodeIgniter\View\View->CodeIgniter\View\{closure}()
 4 SYSTEMPATH\Common.php(1171): CodeIgniter\View\View->render('user/user_list', [], true)
 5 APPPATH\Controllers\UserController.php(74): view('user/user_list', [...])
 6 SYSTEMPATH\CodeIgniter.php(933): App\Controllers\UserController->index()
 7 SYSTEMPATH\CodeIgniter.php(509): CodeIgniter\CodeIgniter->runController(Object(App\Controllers\UserController))
 8 SYSTEMPATH\CodeIgniter.php(355): CodeIgniter\CodeIgniter->handleRequest(null, Object(Config\Cache), false)
 9 SYSTEMPATH\Boot.php(334): CodeIgniter\CodeIgniter->run()
10 SYSTEMPATH\Boot.php(67): CodeIgniter\Boot::runCodeIgniter(Object(CodeIgniter\CodeIgniter))
11 FCPATH\index.php(56): CodeIgniter\Boot::bootWeb(Object(Config\Paths))
CRITICAL - 2025-02-18 07:54:58 --> ErrorException: Undefined variable $usuario
[Method: GET, Route: usuarios]
in APPPATH\Views\user\user_list.php on line 468.
 1 APPPATH\Views\user\user_list.php(468): CodeIgniter\Debug\Exceptions->errorHandler(2, 'Undefined variable $usuario', 'C:\\wamp64\\www\\ProyectoFinal\\app\\Views\\user\\user_list.php', 468)
 2 SYSTEMPATH\View\View.php(234): include('C:\\wamp64\\www\\ProyectoFinal\\app\\Views\\user\\user_list.php')
 3 SYSTEMPATH\View\View.php(237): CodeIgniter\View\View->CodeIgniter\View\{closure}()
 4 SYSTEMPATH\Common.php(1171): CodeIgniter\View\View->render('user/user_list', [], true)
 5 APPPATH\Controllers\UserController.php(74): view('user/user_list', [...])
 6 SYSTEMPATH\CodeIgniter.php(933): App\Controllers\UserController->index()
 7 SYSTEMPATH\CodeIgniter.php(509): CodeIgniter\CodeIgniter->runController(Object(App\Controllers\UserController))
 8 SYSTEMPATH\CodeIgniter.php(355): CodeIgniter\CodeIgniter->handleRequest(null, Object(Config\Cache), false)
 9 SYSTEMPATH\Boot.php(334): CodeIgniter\CodeIgniter->run()
10 SYSTEMPATH\Boot.php(67): CodeIgniter\Boot::runCodeIgniter(Object(CodeIgniter\CodeIgniter))
11 FCPATH\index.php(56): CodeIgniter\Boot::bootWeb(Object(Config\Paths))
CRITICAL - 2025-02-18 07:54:59 --> ErrorException: Undefined variable $usuario
[Method: GET, Route: usuarios]
in APPPATH\Views\user\user_list.php on line 468.
 1 APPPATH\Views\user\user_list.php(468): CodeIgniter\Debug\Exceptions->errorHandler(2, 'Undefined variable $usuario', 'C:\\wamp64\\www\\ProyectoFinal\\app\\Views\\user\\user_list.php', 468)
 2 SYSTEMPATH\View\View.php(234): include('C:\\wamp64\\www\\ProyectoFinal\\app\\Views\\user\\user_list.php')
 3 SYSTEMPATH\View\View.php(237): CodeIgniter\View\View->CodeIgniter\View\{closure}()
 4 SYSTEMPATH\Common.php(1171): CodeIgniter\View\View->render('user/user_list', [], true)
 5 APPPATH\Controllers\UserController.php(74): view('user/user_list', [...])
 6 SYSTEMPATH\CodeIgniter.php(933): App\Controllers\UserController->index()
 7 SYSTEMPATH\CodeIgniter.php(509): CodeIgniter\CodeIgniter->runController(Object(App\Controllers\UserController))
 8 SYSTEMPATH\CodeIgniter.php(355): CodeIgniter\CodeIgniter->handleRequest(null, Object(Config\Cache), false)
 9 SYSTEMPATH\Boot.php(334): CodeIgniter\CodeIgniter->run()
10 SYSTEMPATH\Boot.php(67): CodeIgniter\Boot::runCodeIgniter(Object(CodeIgniter\CodeIgniter))
11 FCPATH\index.php(56): CodeIgniter\Boot::bootWeb(Object(Config\Paths))
CRITICAL - 2025-02-18 08:15:05 --> ErrorException: Undefined variable $usuario
[Method: GET, Route: usuarios]
in APPPATH\Views\user\user_list.php on line 468.
 1 APPPATH\Views\user\user_list.php(468): CodeIgniter\Debug\Exceptions->errorHandler(2, 'Undefined variable $usuario', 'C:\\wamp64\\www\\ProyectoFinal\\app\\Views\\user\\user_list.php', 468)
 2 SYSTEMPATH\View\View.php(234): include('C:\\wamp64\\www\\ProyectoFinal\\app\\Views\\user\\user_list.php')
 3 SYSTEMPATH\View\View.php(237): CodeIgniter\View\View->CodeIgniter\View\{closure}()
 4 SYSTEMPATH\Common.php(1171): CodeIgniter\View\View->render('user/user_list', [], true)
 5 APPPATH\Controllers\UserController.php(74): view('user/user_list', [...])
 6 SYSTEMPATH\CodeIgniter.php(933): App\Controllers\UserController->index()
 7 SYSTEMPATH\CodeIgniter.php(509): CodeIgniter\CodeIgniter->runController(Object(App\Controllers\UserController))
 8 SYSTEMPATH\CodeIgniter.php(355): CodeIgniter\CodeIgniter->handleRequest(null, Object(Config\Cache), false)
 9 SYSTEMPATH\Boot.php(334): CodeIgniter\CodeIgniter->run()
10 SYSTEMPATH\Boot.php(67): CodeIgniter\Boot::runCodeIgniter(Object(CodeIgniter\CodeIgniter))
11 FCPATH\index.php(56): CodeIgniter\Boot::bootWeb(Object(Config\Paths))
