CRITICAL - 2025-02-24 11:43:08 --> ErrorException: Undefined array key "name"
[Method: GET, Route: usuarios/export]
in APPPATH\Controllers\UserController.php on line 203.
 1 APPPATH\Controllers\UserController.php(203): CodeIgniter\Debug\Exceptions->errorHandler(2, 'Undefined array key "name"', 'C:\\wamp64\\www\\ProyectoFinal\\app\\Controllers\\UserController.php', 203)
 2 SYSTEMPATH\CodeIgniter.php(933): App\Controllers\UserController->exportar()
 3 SYSTEMPATH\CodeIgniter.php(509): CodeIgniter\CodeIgniter->runController(Object(App\Controllers\UserController))
 4 SYSTEMPATH\CodeIgniter.php(355): CodeIgniter\CodeIgniter->handleRequest(null, Object(Config\Cache), false)
 5 SYSTEMPATH\Boot.php(334): CodeIgniter\CodeIgniter->run()
 6 SYSTEMPATH\Boot.php(67): CodeIgniter\Boot::runCodeIgniter(Object(CodeIgniter\CodeIgniter))
 7 FCPATH\index.php(56): CodeIgniter\Boot::bootWeb(Object(Config\Paths))
CRITICAL - 2025-02-24 11:44:47 --> ErrorException: Undefined array key "rol"
[Method: GET, Route: usuarios/export]
in APPPATH\Controllers\UserController.php on line 206.
 1 APPPATH\Controllers\UserController.php(206): CodeIgniter\Debug\Exceptions->errorHandler(2, 'Undefined array key "rol"', 'C:\\wamp64\\www\\ProyectoFinal\\app\\Controllers\\UserController.php', 206)
 2 SYSTEMPATH\CodeIgniter.php(933): App\Controllers\UserController->exportar()
 3 SYSTEMPATH\CodeIgniter.php(509): CodeIgniter\CodeIgniter->runController(Object(App\Controllers\UserController))
 4 SYSTEMPATH\CodeIgniter.php(355): CodeIgniter\CodeIgniter->handleRequest(null, Object(Config\Cache), false)
 5 SYSTEMPATH\Boot.php(334): CodeIgniter\CodeIgniter->run()
 6 SYSTEMPATH\Boot.php(67): CodeIgniter\Boot::runCodeIgniter(Object(CodeIgniter\CodeIgniter))
 7 FCPATH\index.php(56): CodeIgniter\Boot::bootWeb(Object(Config\Paths))
CRITICAL - 2025-02-24 11:45:53 --> ErrorException: Undefined array key "rol_nombre"
[Method: GET, Route: usuarios/export]
in APPPATH\Controllers\UserController.php on line 206.
 1 APPPATH\Controllers\UserController.php(206): CodeIgniter\Debug\Exceptions->errorHandler(2, 'Undefined array key "rol_nombre"', 'C:\\wamp64\\www\\ProyectoFinal\\app\\Controllers\\UserController.php', 206)
 2 SYSTEMPATH\CodeIgniter.php(933): App\Controllers\UserController->exportar()
 3 SYSTEMPATH\CodeIgniter.php(509): CodeIgniter\CodeIgniter->runController(Object(App\Controllers\UserController))
 4 SYSTEMPATH\CodeIgniter.php(355): CodeIgniter\CodeIgniter->handleRequest(null, Object(Config\Cache), false)
 5 SYSTEMPATH\Boot.php(334): CodeIgniter\CodeIgniter->run()
 6 SYSTEMPATH\Boot.php(67): CodeIgniter\Boot::runCodeIgniter(Object(CodeIgniter\CodeIgniter))
 7 FCPATH\index.php(56): CodeIgniter\Boot::bootWeb(Object(Config\Paths))
CRITICAL - 2025-02-24 11:48:48 --> ParseError: syntax error, unexpected token "endif", expecting end of file
[Method: GET, Route: usuarios]
in APPPATH\Views\user\user_list.php on line 522.
 1 SYSTEMPATH\View\View.php(237): CodeIgniter\View\View->CodeIgniter\View\{closure}()
 2 SYSTEMPATH\Common.php(1171): CodeIgniter\View\View->render('user/user_list', [], true)
 3 APPPATH\Controllers\UserController.php(76): view('user/user_list', [...])
 4 SYSTEMPATH\CodeIgniter.php(933): App\Controllers\UserController->index()
 5 SYSTEMPATH\CodeIgniter.php(509): CodeIgniter\CodeIgniter->runController(Object(App\Controllers\UserController))
 6 SYSTEMPATH\CodeIgniter.php(355): CodeIgniter\CodeIgniter->handleRequest(null, Object(Config\Cache), false)
 7 SYSTEMPATH\Boot.php(334): CodeIgniter\CodeIgniter->run()
 8 SYSTEMPATH\Boot.php(67): CodeIgniter\Boot::runCodeIgniter(Object(CodeIgniter\CodeIgniter))
 9 FCPATH\index.php(56): CodeIgniter\Boot::bootWeb(Object(Config\Paths))
